# JRE version: Java(TM) SE Runtime Environment (8.0_231-b11) (build 1.8.0_231-b11)
# Java VM: Java HotSpot(TM) 64-Bit Server VM (25.231-b11 mixed mode linux-amd64 compressed oops)
Heap:
 PSYoungGen      total 36864K, used 1587K [0x00000000d7100000, 0x00000000d9a00000, 0x0000000100000000)
  eden space 31744K, 5% used [0x00000000d7100000,0x00000000d728ce90,0x00000000d9000000)
  from space 5120K, 0% used [0x00000000d9500000,0x00000000d9500000,0x00000000d9a00000)
  to   space 5120K, 0% used [0x00000000d9000000,0x00000000d9000000,0x00000000d9500000)
 ParOldGen       total 61952K, used 7599K [0x0000000085200000, 0x0000000088e80000, 0x00000000d7100000)
  object space 61952K, 12% used [0x0000000085200000,0x000000008596beb8,0x0000000088e80000)
 Metaspace       used 20727K, capacity 21088K, committed 21504K, reserved 1069056K
  class space    used 2618K, capacity 2735K, committed 2816K, reserved 1048576K
GC Heap History (6 events):
Event: 2,478 GC heap before
{Heap before GC invocations=1 (full 0):
 PSYoungGen      total 36864K, used 31744K [0x00000000d7100000, 0x00000000d9a00000, 0x0000000100000000)
  eden space 31744K, 100% used [0x00000000d7100000,0x00000000d9000000,0x00000000d9000000)
  from space 5120K, 0% used [0x00000000d9500000,0x00000000d9500000,0x00000000d9a00000)
  to   space 5120K, 0% used [0x00000000d9000000,0x00000000d9000000,0x00000000d9500000)
 ParOldGen       total 84992K, used 0K [0x0000000085200000, 0x000000008a500000, 0x00000000d7100000)
  object space 84992K, 0% used [0x0000000085200000,0x0000000085200000,0x000000008a500000)
 Metaspace       used 17004K, capacity 17246K, committed 17536K, reserved 1064960K
  class space    used 2224K, capacity 2312K, committed 2432K, reserved 1048576K
Event: 2,502 GC heap after
Heap after GC invocations=1 (full 0):
 PSYoungGen      total 36864K, used 5104K [0x00000000d7100000, 0x00000000d9a00000, 0x0000000100000000)
  eden space 31744K, 0% used [0x00000000d7100000,0x00000000d7100000,0x00000000d9000000)
  from space 5120K, 99% used [0x00000000d9000000,0x00000000d94fc108,0x00000000d9500000)
  to   space 5120K, 0% used [0x00000000d9500000,0x00000000d9500000,0x00000000d9a00000)
 ParOldGen       total 84992K, used 1966K [0x0000000085200000, 0x000000008a500000, 0x00000000d7100000)
  object space 84992K, 2% used [0x0000000085200000,0x00000000853eb818,0x000000008a500000)
 Metaspace       used 17004K, capacity 17246K, committed 17536K, reserved 1064960K
  class space    used 2224K, capacity 2312K, committed 2432K, reserved 1048576K
}
Event: 6,789 GC heap before
{Heap before GC invocations=2 (full 0):
 PSYoungGen      total 36864K, used 18301K [0x00000000d7100000, 0x00000000d9a00000, 0x0000000100000000)
  eden space 31744K, 41% used [0x00000000d7100000,0x00000000d7de34a0,0x00000000d9000000)
  from space 5120K, 99% used [0x00000000d9000000,0x00000000d94fc108,0x00000000d9500000)
  to   space 5120K, 0% used [0x00000000d9500000,0x00000000d9500000,0x00000000d9a00000)
 ParOldGen       total 84992K, used 1966K [0x0000000085200000, 0x000000008a500000, 0x00000000d7100000)
  object space 84992K, 2% used [0x0000000085200000,0x00000000853eb818,0x000000008a500000)
 Metaspace       used 20723K, capacity 20992K, committed 21248K, reserved 1067008K
  class space    used 2616K, capacity 2703K, committed 2816K, reserved 1048576K
Event: 6,808 GC heap after
Heap after GC invocations=2 (full 0):
 PSYoungGen      total 36864K, used 5110K [0x00000000d7100000, 0x00000000d9a00000, 0x0000000100000000)
  eden space 31744K, 0% used [0x00000000d7100000,0x00000000d7100000,0x00000000d9000000)
  from space 5120K, 99% used [0x00000000d9500000,0x00000000d99fda08,0x00000000d9a00000)
  to   space 5120K, 0% used [0x00000000d9000000,0x00000000d9000000,0x00000000d9500000)
 ParOldGen       total 84992K, used 3392K [0x0000000085200000, 0x000000008a500000, 0x00000000d7100000)
  object space 84992K, 3% used [0x0000000085200000,0x00000000855500f0,0x000000008a500000)
 Metaspace       used 20723K, capacity 20992K, committed 21248K, reserved 1067008K
  class space    used 2616K, capacity 2703K, committed 2816K, reserved 1048576K
}
Event: 6,808 GC heap before
{Heap before GC invocations=3 (full 1):
 PSYoungGen      total 36864K, used 5110K [0x00000000d7100000, 0x00000000d9a00000, 0x0000000100000000)
  eden space 31744K, 0% used [0x00000000d7100000,0x00000000d7100000,0x00000000d9000000)
  from space 5120K, 99% used [0x00000000d9500000,0x00000000d99fda08,0x00000000d9a00000)
  to   space 5120K, 0% used [0x00000000d9000000,0x00000000d9000000,0x00000000d9500000)
 ParOldGen       total 84992K, used 3392K [0x0000000085200000, 0x000000008a500000, 0x00000000d7100000)
  object space 84992K, 3% used [0x0000000085200000,0x00000000855500f0,0x000000008a500000)
 Metaspace       used 20723K, capacity 20992K, committed 21248K, reserved 1067008K
  class space    used 2616K, capacity 2703K, committed 2816K, reserved 1048576K
Event: 6,890 GC heap after
Heap after GC invocations=3 (full 1):
 PSYoungGen      total 36864K, used 0K [0x00000000d7100000, 0x00000000d9a00000, 0x0000000100000000)
  eden space 31744K, 0% used [0x00000000d7100000,0x00000000d7100000,0x00000000d9000000)
  from space 5120K, 0% used [0x00000000d9500000,0x00000000d9500000,0x00000000d9a00000)
  to   space 5120K, 0% used [0x00000000d9000000,0x00000000d9000000,0x00000000d9500000)
 ParOldGen       total 61952K, used 7599K [0x0000000085200000, 0x0000000088e80000, 0x00000000d7100000)
  object space 61952K, 12% used [0x0000000085200000,0x000000008596beb8,0x0000000088e80000)
 Metaspace       used 20723K, capacity 20992K, committed 21248K, reserved 1067008K
  class space    used 2616K, capacity 2703K, committed 2816K, reserved 1048576K
}

